<?xml version="1.0" encoding="UTF-8"?>
<!-- Generated by org.testng.reporters.JUnitReportReporter -->
<testsuite skipped="0" hostname="DESKTOP-PF1B8SS" name="highlineAutomation.Licence_Pagination" tests="1" failures="0" timestamp="31 Jan 2019 06:04:23 GMT" time="0.053" errors="0">
  <testcase name="licence_pagination" time="0.053" classname="highlineAutomation.Licence_Pagination"/>
</testsuite> <!-- highlineAutomation.Licence_Pagination -->
