<?xml version="1.0" encoding="UTF-8"?>
<!-- Generated by org.testng.reporters.JUnitReportReporter -->
<testsuite skipped="0" hostname="DESKTOP-PF1B8SS" name="grassdorAutomation.CustomersEdit" tests="3" failures="0" timestamp="20 May 2019 13:21:00 GMT" time="10.078" errors="0">
  <testcase name="nameValidation" time="2.188" classname="grassdorAutomation.CustomersEdit"/>
  <testcase name="phoneValidation" time="2.165" classname="grassdorAutomation.CustomersEdit"/>
  <testcase name="editCustomerFlow" time="5.725" classname="grassdorAutomation.CustomersEdit"/>
</testsuite> <!-- grassdorAutomation.CustomersEdit -->
