<?xml version="1.0" encoding="UTF-8"?>
<!-- Generated by org.testng.reporters.JUnitReportReporter -->
<testsuite skipped="6" hostname="DESKTOP-PF1B8SS" name="grassdorAutomation.Roles" tests="7" failures="0" timestamp="14 May 2019 11:07:13 GMT" time="12.598" errors="0">
  <testcase name="addRoleFlow" time="12.598" classname="grassdorAutomation.Roles"/>
  <testcase name="existingRoles" classname="grassdorAutomation.Roles">
    <skipped/>
  </testcase> <!-- existingRoles -->
  <testcase name="onClickViewButton" classname="grassdorAutomation.Roles">
    <skipped/>
  </testcase> <!-- onClickViewButton -->
  <testcase name="onClickNewRole" classname="grassdorAutomation.Roles">
    <skipped/>
  </testcase> <!-- onClickNewRole -->
  <testcase name="roleNameValidation" classname="grassdorAutomation.Roles">
    <skipped/>
  </testcase> <!-- roleNameValidation -->
  <testcase name="viewRoleFlow" classname="grassdorAutomation.Roles">
    <skipped/>
  </testcase> <!-- viewRoleFlow -->
  <testcase name="descriptionValidation" classname="grassdorAutomation.Roles">
    <skipped/>
  </testcase> <!-- descriptionValidation -->
</testsuite> <!-- grassdorAutomation.Roles -->
