<?xml version="1.0" encoding="UTF-8"?>
<!-- Generated by org.testng.reporters.JUnitReportReporter -->
<testsuite skipped="0" hostname="DESKTOP-PF1B8SS" name="grassdorAutomation.TempTest" tests="1" failures="0" timestamp="20 May 2019 13:20:08 GMT" time="0.005" errors="0">
  <testcase name="f" time="0.005" classname="grassdorAutomation.TempTest"/>
</testsuite> <!-- grassdorAutomation.TempTest -->
