<?xml version="1.0" encoding="UTF-8"?>
<!-- Generated by org.testng.reporters.JUnitReportReporter -->
<testsuite skipped="0" hostname="DESKTOP-PF1B8SS" name="highlineAutomation.Add_User_Flow" tests="2" failures="0" timestamp="25 Jan 2019 12:38:02 GMT" time="14.162" errors="0">
  <testcase name="add_User_button_enable" time="7.028" classname="highlineAutomation.Add_User_Flow"/>
  <testcase name="add_User" time="7.134" classname="highlineAutomation.Add_User_Flow"/>
</testsuite> <!-- highlineAutomation.Add_User_Flow -->
