<?xml version="1.0" encoding="UTF-8"?>
<!-- Generated by org.testng.reporters.JUnitReportReporter -->
<testsuite skipped="0" hostname="DESKTOP-PF1B8SS" name="appModule.Login" tests="1" failures="0" timestamp="02 May 2019 12:59:54 GMT" time="12.381" errors="0">
  <testcase name="login" time="12.381" classname="appModule.Login"/>
</testsuite> <!-- appModule.Login -->
